<?xml version="1.0" encoding="UTF-8"?>
<!-- Generated by org.testng.reporters.JUnitReportReporter -->
<testsuite hostname="WBOX62" failures="0" tests="4" name="SSIAgroworlds.LoginClass" time="13.593" errors="0" timestamp="2024-04-11T11:15:51 IST" skipped="0">
  <testcase classname="SSIAgroworlds.LoginClass" name="loginWithValidCredential" time="11.254"/>
  <testcase classname="SSIAgroworlds.LoginClass" name="loginWithInValidCredential" time="1.080"/>
  <testcase classname="SSIAgroworlds.LoginClass" name="loginWithBlankFields" time="0.524"/>
  <testcase classname="SSIAgroworlds.LoginClass" name="loginWithPasswordFieldBlank" time="0.735"/>
</testsuite> <!-- SSIAgroworlds.LoginClass -->
