<?xml version="1.0" encoding="UTF-8"?>
<!-- Generated by org.testng.reporters.JUnitReportReporter -->
<testsuite hostname="WBOX62" failures="0" tests="4" name="com.agroworlds.login.tests.LoginClass" time="16.594" errors="0" timestamp="2024-04-12T13:15:21 IST" skipped="0">
  <testcase classname="com.agroworlds.login.tests.LoginClass" name="loginWithValidCredential" time="13.454"/>
  <testcase classname="com.agroworlds.login.tests.LoginClass" name="loginWithInValidCredential" time="1.591"/>
  <testcase classname="com.agroworlds.login.tests.LoginClass" name="loginWithBlankFields" time="0.729"/>
  <testcase classname="com.agroworlds.login.tests.LoginClass" name="loginWithPasswordFieldBlank" time="0.820"/>
</testsuite> <!-- com.agroworlds.login.tests.LoginClass -->
