<?xml version="1.0" encoding="UTF-8"?>
<!-- Generated by org.testng.reporters.JUnitReportReporter -->
<testsuite hostname="WBOX62" failures="0" tests="1" name="SSIAgroworlds.LoginPage" time="1.637" errors="0" timestamp="2024-01-08T19:25:58 IST" skipped="0">
  <testcase classname="SSIAgroworlds.LoginPage" name="login" time="1.637"/>
</testsuite> <!-- SSIAgroworlds.LoginPage -->
