<?xml version="1.0" encoding="UTF-8"?>
<!-- Generated by org.testng.reporters.JUnitReportReporter -->
<testsuite hostname="WBOX62" failures="0" tests="4" name="SSIAgroworlds.BDMPage" time="60.116" errors="0" timestamp="2024-01-23T12:45:38 IST" skipped="0">
  <testcase classname="SSIAgroworlds.BDMPage" name="bdmlogin" time="5.920"/>
  <testcase classname="SSIAgroworlds.BDMPage" name="bdmApprove" time="13.830"/>
  <testcase classname="SSIAgroworlds.BDMPage" name="sellerApprove" time="22.180"/>
  <testcase classname="SSIAgroworlds.BDMPage" name="buyerApprove" time="18.186"/>
</testsuite> <!-- SSIAgroworlds.BDMPage -->
