<?xml version="1.0" encoding="UTF-8"?>
<!-- Generated by org.testng.reporters.JUnitReportReporter -->
<testsuite hostname="WBOX62" failures="0" tests="8" name="SSIAgroworlds.TraderPage" time="37.444" errors="0" timestamp="2024-01-23T12:45:38 IST" skipped="0">
  <testcase classname="SSIAgroworlds.TraderPage" name="traderlogin" time="4.669"/>
  <testcase classname="SSIAgroworlds.TraderPage" name="homepage" time="8.977"/>
  <testcase classname="SSIAgroworlds.TraderPage" name="TradeDetails" time="0.967"/>
  <testcase classname="SSIAgroworlds.TraderPage" name="shipmentDetails" time="1.059"/>
  <testcase classname="SSIAgroworlds.TraderPage" name="productDetails" time="10.231"/>
  <testcase classname="SSIAgroworlds.TraderPage" name="sellerDetails" time="2.854"/>
  <testcase classname="SSIAgroworlds.TraderPage" name="buyerDetails" time="7.605"/>
  <testcase classname="SSIAgroworlds.TraderPage" name="sendReviewTrade" time="1.082"/>
</testsuite> <!-- SSIAgroworlds.TraderPage -->
