<?xml version="1.0" encoding="UTF-8"?>
<!-- Generated by org.testng.reporters.JUnitReportReporter -->
<testsuite hostname="WBOX62" failures="0" tests="4" name="com.agroworlds.login.tests.LoginClass" time="11.663" errors="0" timestamp="12 Apr 2024 07:54:51 GMT" skipped="0">
  <testcase classname="com.agroworlds.login.tests.LoginClass" name="loginWithValidCredential" time="9.219"/>
  <testcase classname="com.agroworlds.login.tests.LoginClass" name="loginWithInValidCredential" time="1.266"/>
  <testcase classname="com.agroworlds.login.tests.LoginClass" name="loginWithBlankFields" time="0.503"/>
  <testcase classname="com.agroworlds.login.tests.LoginClass" name="loginWithPasswordFieldBlank" time="0.675"/>
</testsuite> <!-- com.agroworlds.login.tests.LoginClass -->
